[0m12:45:51.193055 [debug] [MainThread]: Sending event: {'category': 'dbt', 'action': 'invocation', 'label': 'start', 'context': [<snowplow_tracker.self_describing_json.SelfDescribingJson object at 0x000001ED89AC1010>, <snowplow_tracker.self_describing_json.SelfDescribingJson object at 0x000001ED8BDE7ED0>, <snowplow_tracker.self_describing_json.SelfDescribingJson object at 0x000001ED8BDE7B10>]}


============================== 12:45:51.198434 | bfe34d81-c03f-4c17-ac30-9f76747bcad0 ==============================
[0m12:45:51.198434 [info ] [MainThread]: Running with dbt=1.11.7
[0m12:45:51.198865 [debug] [MainThread]: running dbt with arguments {'version_check': 'True', 'no_print': 'None', 'static_parser': 'True', 'warn_error_options': 'WarnErrorOptionsV2(error=[], warn=[], silence=[])', 'target_path': 'None', 'printer_width': '80', 'write_json': 'True', 'introspect': 'True', 'log_cache_events': 'False', 'empty': 'None', 'cache_selected_only': 'False', 'log_format': 'default', 'debug': 'False', 'fail_fast': 'False', 'partial_parse': 'True', 'send_anonymous_usage_stats': 'True', 'quiet': 'False', 'warn_error': 'None', 'profiles_dir': 'C:\\Users\\Travail\\.dbt', 'invocation_command': 'dbt init transform_eurotunnel', 'use_colors': 'True', 'indirect_selection': 'eager', 'use_experimental_parser': 'False', 'log_path': 'logs'}
[0m12:45:51.220095 [debug] [MainThread]: Starter project path: W:\Data engineer\poc_eurotunnel\venv\Lib\site-packages\dbt\include\starter_project
[0m12:45:51.240027 [info ] [MainThread]: 
Your new dbt project "transform_eurotunnel" was created!

For more information on how to configure the profiles.yml file,
please consult the dbt documentation here:

  https://docs.getdbt.com/docs/configure-your-profile

One more thing:

Need help? Don't hesitate to reach out to us via GitHub issues or on Slack:

  https://community.getdbt.com/

Happy modeling!

[0m12:45:51.240625 [info ] [MainThread]: Setting up your profile.
[0m12:48:37.712813 [info ] [MainThread]: Profile transform_eurotunnel written to C:\Users\Travail\.dbt\profiles.yml using target's profile_template.yml and your supplied values. Run 'dbt debug' to validate the connection.
[0m12:48:37.714276 [debug] [MainThread]: Command `dbt init` succeeded at 12:48:37.714131 after 166.63 seconds
[0m12:48:37.714503 [debug] [MainThread]: Sending event: {'category': 'dbt', 'action': 'invocation', 'label': 'end', 'context': [<snowplow_tracker.self_describing_json.SelfDescribingJson object at 0x000001ED8C0908A0>, <snowplow_tracker.self_describing_json.SelfDescribingJson object at 0x000001ED8C094950>, <snowplow_tracker.self_describing_json.SelfDescribingJson object at 0x000001ED8AC73F00>]}
[0m12:48:37.714714 [debug] [MainThread]: Flushing usage events
[0m12:48:38.277055 [debug] [MainThread]: An error was encountered while trying to flush usage events
